2026-06-15 13:52:27,223 [INFO] =================================================================
2026-06-15 13:52:27,224 [INFO]   BTC BOT ó Daily Strategy Run ó 2026-06-15 10:52 UTC
2026-06-15 13:52:27,224 [INFO] =================================================================
2026-06-15 13:52:27,224 [INFO] No state file found ó using default state
2026-06-15 13:52:27,225 [INFO] State: position=0 capital=$10,000.00
2026-06-15 13:52:27,225 [INFO] Fetching BTC daily candles...
2026-06-15 13:52:27,831 [INFO] Binance: 500 candles ó latest=2026-06-15
2026-06-15 13:52:27,834 [INFO] BTC candle OK ó latest=2026-06-15, close=$65,744
2026-06-15 13:52:27,835 [ERROR] MVRV validation failed: MVRV file not found: C:\Users\Ropper\Desktop\Long_Short_Bot\mvrv_zscore_full_history.csv
2026-06-15 13:52:45,375 [INFO] Binance: 500 candles ó latest=2026-06-15
2026-06-15 13:53:47,532 [INFO] Binance: 500 candles ‚Äî latest=2026-06-15
2026-06-15 13:53:59,610 [INFO] =================================================================
2026-06-15 13:53:59,611 [INFO]   BTC BOT ‚Äî Daily Strategy Run ‚Äî 2026-06-15 10:53 UTC
2026-06-15 13:53:59,611 [INFO] =================================================================
2026-06-15 13:53:59,611 [INFO] No state file found ‚Äî using default state
2026-06-15 13:53:59,611 [INFO] State: position=0 capital=$10,000.00
2026-06-15 13:53:59,611 [INFO] Fetching BTC daily candles...
2026-06-15 13:54:00,119 [INFO] Binance: 500 candles ‚Äî latest=2026-06-15
2026-06-15 13:54:00,121 [INFO] BTC candle OK ‚Äî latest=2026-06-15, close=$65,760
2026-06-15 13:54:00,129 [ERROR] MVRV validation failed: MVRV missing for 2026-06-15 ‚Äî latest is 2026-06-14
2026-06-15 13:54:00,663 [INFO] Telegram sent: <b>‚öÝÔ∏è MVRV Data Missing</b>
Strategy skipped.
MVRV missing f...
2026-06-15 13:54:48,646 [INFO] =================================================================
2026-06-15 13:54:48,647 [INFO]   BTC BOT ‚Äî Daily Strategy Run ‚Äî 2026-06-15 10:54 UTC
2026-06-15 13:54:48,647 [INFO] =================================================================
2026-06-15 13:54:48,647 [INFO] No state file found ‚Äî using default state
2026-06-15 13:54:48,647 [INFO] State: position=0 capital=$10,000.00
2026-06-15 13:54:48,647 [INFO] Fetching BTC daily candles...
2026-06-15 13:54:49,212 [INFO] Binance: 500 candles ‚Äî latest=2026-06-15
2026-06-15 13:54:49,215 [INFO] BTC candle OK ‚Äî latest=2026-06-15, close=$65,902
2026-06-15 13:54:49,219 [WARNING] MVRV for 2026-06-15 not yet available; using latest known value from 2026-06-14: 0.3786
2026-06-15 13:54:49,244 [INFO] Signal bar: 2026-06-14 ‚Üí long=False short=False
2026-06-15 13:54:59,451 [INFO] =================================================================
2026-06-15 13:54:59,451 [INFO]   BTC BOT ‚Äî Daily Strategy Run ‚Äî 2026-06-15 10:54 UTC
2026-06-15 13:54:59,451 [INFO] =================================================================
2026-06-15 13:54:59,451 [INFO] No state file found ‚Äî using default state
2026-06-15 13:54:59,451 [INFO] State: position=0 capital=$10,000.00
2026-06-15 13:54:59,451 [INFO] Fetching BTC daily candles...
2026-06-15 13:55:00,097 [INFO] Binance: 500 candles ‚Äî latest=2026-06-15
2026-06-15 13:55:00,099 [INFO] BTC candle OK ‚Äî latest=2026-06-15, close=$65,853
2026-06-15 13:55:00,103 [WARNING] MVRV for 2026-06-15 not yet available; using latest known value from 2026-06-14: 0.3786
2026-06-15 13:55:00,125 [INFO] Signal bar: 2026-06-14 ‚Üí long=False short=False
2026-06-15 13:55:00,125 [INFO] Fill price: $65,746 | RSI=42.1 | MVRV=0.379 | Factor=8.6
2026-06-15 13:55:00,128 [WARNING] MVRV for 2026-06-15 not yet available; using latest known value from 2026-06-14: 0.3786
2026-06-15 13:55:00,129 [INFO] BTC candle OK ‚Äî latest=2026-06-15, close=$65,853
2026-06-15 13:55:00,129 [INFO] Indicators OK ‚Äî RSI=42.1 ATR=2211 Factor=8.6
2026-06-15 13:55:00,129 [INFO] NO ACTION today
2026-06-15 13:55:00,533 [INFO] Telegram sent: ‚úÖ <b>Bot Alive</b> ‚Äî 2026-06-15 10:55 UTC
‚ûñ Position: <b>FLA...
2026-06-15 13:55:00,535 [INFO] =================================================================
2026-06-15 13:55:00,535 [INFO]   Run complete ‚Äî actions: NO ACTION
2026-06-15 13:55:00,536 [INFO]   Capital: $10,000.00 | Position: FLAT
2026-06-15 13:55:00,536 [INFO] =================================================================
2026-06-15 13:59:49,696 [INFO] Binance: 500 candles ‚Äî latest=2026-06-15
2026-06-15 14:04:05,589 [INFO] Binance: 500 candles ‚Äî latest=2026-06-15
2026-06-15 14:04:05,620 [INFO] State loaded ‚Äî position=0 capital=$10,000.00
2026-06-15 14:04:37,941 [INFO] yfinance: 4290 candles ‚Äî latest=2026-06-15
2026-06-15 14:04:38,054 [INFO] State loaded ‚Äî position=0 capital=$10,000.00
2026-06-15 14:06:56,701 [INFO] yfinance: 4290 candles ‚Äî latest=2026-06-15
2026-06-15 14:06:56,810 [INFO] State loaded ‚Äî position=0 capital=$10,000.00
2026-06-15 14:32:43,795 [INFO] yfinance: 4290 candles ‚Äî latest=2026-06-15
2026-06-15 14:32:43,907 [INFO] State loaded ‚Äî position=0 capital=$10,000.00
2026-06-15 14:42:54,174 [INFO] yfinance: 4290 candles ‚Äî latest=2026-06-15
2026-06-15 14:42:54,289 [INFO] State loaded ‚Äî position=0 capital=$10,000.00
2026-06-15 14:48:01,422 [INFO] yfinance: 4290 candles ‚Äî latest=2026-06-15
2026-06-15 14:48:01,519 [INFO] State loaded ‚Äî position=0 capital=$10,000.00
2026-06-15 14:49:21,704 [INFO] yfinance: 4290 candles ‚Äî latest=2026-06-15
2026-06-15 14:49:21,801 [INFO] State loaded ‚Äî position=0 capital=$10,000.00
2026-06-15 14:50:40,411 [INFO] yfinance: 4290 candles ‚Äî latest=2026-06-15
2026-06-15 14:50:40,511 [INFO] State loaded ‚Äî position=0 capital=$10,000.00
